INFO:discord.client:logging in using static token
INFO:discord.gateway:Shard ID None has connected to Gateway (Session ID: 0b29e6e2e48a709b22c6ecbb7d6e2f70).
INFO:discord.client:logging in using static token
INFO:discord.gateway:Shard ID None has connected to Gateway (Session ID: 4e1c9c9254f9e4bbd701409c791f8d33).
ERROR:discord.client:Ignoring exception in on_message
Traceback (most recent call last):
  File "/Users/matthewkosack/Desktop/Projects/HissingChameleon/.venv/lib/python3.10/site-packages/discord/client.py", line 441, in _run_event
    await coro(*args, **kwargs)
  File "/Users/matthewkosack/Desktop/Projects/HissingChameleon/hissing_chameleon.py", line 40, in on_message
    new_message = f"{words - 1}! Shalla!"
TypeError: unsupported operand type(s) for -: 'list' and 'int'
INFO:discord.client:logging in using static token
INFO:discord.gateway:Shard ID None has connected to Gateway (Session ID: cbed2319624099be0f5b5e054a3e4fba).
INFO:discord.client:logging in using static token
INFO:discord.gateway:Shard ID None has connected to Gateway (Session ID: 52dee10754b51674faf9f0e0eb5d251b).
INFO:discord.client:logging in using static token
INFO:discord.gateway:Shard ID None has connected to Gateway (Session ID: bb22e1e56b77a14ae2cd405207a69ee6).
INFO:discord.client:logging in using static token
INFO:discord.gateway:Shard ID None has connected to Gateway (Session ID: 7a04382bc775b65a6a98fe2ac8be8805).
INFO:discord.client:logging in using static token
INFO:discord.gateway:Shard ID None has connected to Gateway (Session ID: bb0c25035e4406e62fa8a0defb6406bd).
INFO:discord.client:logging in using static token
INFO:discord.gateway:Shard ID None has connected to Gateway (Session ID: d0ccb96dbcfa3a18c1c28affd37ae075).
INFO:discord.client:logging in using static token
INFO:discord.gateway:Shard ID None has connected to Gateway (Session ID: 5273d513c28f052d7f8e19aa7b5f6563).
INFO:discord.client:logging in using static token
INFO:discord.gateway:Shard ID None has connected to Gateway (Session ID: 30e09d025708ac8b476f3cdcbd495344).
INFO:discord.client:logging in using static token
INFO:discord.gateway:Shard ID None has connected to Gateway (Session ID: b36b52e37dd4625174093883fc677cb2).
INFO:discord.client:logging in using static token
INFO:discord.gateway:Shard ID None has connected to Gateway (Session ID: f83a91140b6c0c4fd9d872edb13e404f).
INFO:discord.client:logging in using static token
INFO:discord.gateway:Shard ID None has connected to Gateway (Session ID: c6deeb143b7b1efb9aa8b84825534b0e).
INFO:discord.client:logging in using static token
INFO:discord.gateway:Shard ID None has connected to Gateway (Session ID: c23b822c426d08108a375b29d843bf17).
INFO:discord.client:logging in using static token
INFO:discord.gateway:Shard ID None has connected to Gateway (Session ID: e78940b81c92c1476f29b8584dda6b5a).
INFO:discord.client:logging in using static token
INFO:discord.gateway:Shard ID None has connected to Gateway (Session ID: 842204e07b12701a61a4418cdd02a513).
